This file contains any messages produced by compilers while
running configure, to aid debugging if configure makes a mistake.

It was created by optkit configure 1.0, which was
generated by GNU Autoconf 2.69.  Invocation command line was

  $ ./configure 

## --------- ##
## Platform. ##
## --------- ##

hostname = zhaomingyin-macbookpro.roam.corp.google.com
uname -m = x86_64
uname -r = 19.6.0
uname -s = Darwin
uname -v = Darwin Kernel Version 19.6.0: Sun Jul  5 00:43:10 PDT 2020; root:xnu-6153.141.1~9/RELEASE_X86_64

/usr/bin/uname -p = i386
/bin/uname -X     = unknown

/bin/arch              = unknown
/usr/bin/arch -k       = unknown
/usr/convex/getsysinfo = unknown
/usr/bin/hostinfo      = Mach kernel version:
	 Darwin Kernel Version 19.6.0: Sun Jul  5 00:43:10 PDT 2020; root:xnu-6153.141.1~9/RELEASE_X86_64
Kernel configured for up to 8 processors.
4 processors are physically available.
4 processors are logically available.
Processor type: x86_64h (Intel x86-64h Haswell)
Processors active: 0 2 4 6
Primary memory available: 16.00 gigabytes
Default processor set: 546 tasks, 2882 threads, 4 processors
Load average: 2.50, Mach factor: 2.64
/bin/machine           = unknown
/usr/bin/oslevel       = unknown
/bin/universe          = unknown

PATH: /Users/zhaomingyin/.nvm/versions/node/v11.15.0/bin
PATH: /usr/local/opt/node@8/bin
PATH: /usr/local/git/current/bin
PATH: /usr/local/bin
PATH: /usr/bin
PATH: /bin
PATH: /usr/local/sbin
PATH: /usr/sbin
PATH: /sbin
PATH: /Applications/VMware Fusion.app/Contents/Public
PATH: /opt/X11/bin
PATH: /Users/zhaomingyin/.go/bin
PATH: /usr/local/opt/go/libexec/bin
PATH: /Users/zhaomingyin/gitlocal/hyperledger/fabric-samples


## ----------- ##
## Core tests. ##
## ----------- ##

configure:2302: checking for a BSD-compatible install
configure:2370: result: /usr/bin/install -c
configure:2381: checking whether build environment is sane
configure:2436: result: yes
configure:2474: WARNING: 'missing' script is too old or missing
configure:2587: checking for a thread-safe mkdir -p
configure:2626: result: ./install-sh -c -d
configure:2633: checking for gawk
configure:2663: result: no
configure:2633: checking for mawk
configure:2663: result: no
configure:2633: checking for nawk
configure:2663: result: no
configure:2633: checking for awk
configure:2649: found /usr/bin/awk
configure:2660: result: awk
configure:2671: checking whether make sets $(MAKE)
configure:2693: result: yes
configure:2722: checking whether make supports nested variables
configure:2739: result: yes
configure:2923: checking for g++-9
configure:2939: found /usr/local/bin/g++-9
configure:2950: result: g++-9
configure:2977: checking for C++ compiler version
configure:2986: g++-9 --version >&5
g++-9 (Homebrew GCC 9.3.0) 9.3.0
Copyright (C) 2019 Free Software Foundation, Inc.
This is free software; see the source for copying conditions.  There is NO
warranty; not even for MERCHANTABILITY or FITNESS FOR A PARTICULAR PURPOSE.

configure:2997: $? = 0
configure:2986: g++-9 -v >&5
Using built-in specs.
COLLECT_GCC=g++-9
COLLECT_LTO_WRAPPER=/usr/local/Cellar/gcc@9/9.3.0/libexec/gcc/x86_64-apple-darwin19/9.3.0/lto-wrapper
Target: x86_64-apple-darwin19
Configured with: ../configure --build=x86_64-apple-darwin19 --prefix=/usr/local/Cellar/gcc@9/9.3.0 --libdir=/usr/local/Cellar/gcc@9/9.3.0/lib/gcc/9 --disable-nls --enable-checking=release --enable-languages=c,c++,objc,obj-c++,fortran --program-suffix=-9 --with-gmp=/usr/local/opt/gmp --with-mpfr=/usr/local/opt/mpfr --with-mpc=/usr/local/opt/libmpc --with-isl=/usr/local/opt/isl --with-system-zlib --with-pkgversion='Homebrew GCC 9.3.0' --with-bugurl=https://github.com/Homebrew/homebrew-core/issues --disable-multilib --with-native-system-header-dir=/usr/include --with-sysroot=/Library/Developer/CommandLineTools/SDKs/MacOSX10.15.sdk SED=/usr/bin/sed
Thread model: posix
gcc version 9.3.0 (Homebrew GCC 9.3.0) 
configure:2997: $? = 0
configure:2986: g++-9 -V >&5
g++-9: error: unrecognized command line option '-V'
g++-9: fatal error: no input files
compilation terminated.
configure:2997: $? = 1
configure:2986: g++-9 -qversion >&5
g++-9: error: unrecognized command line option '-qversion'; did you mean '--version'?
g++-9: fatal error: no input files
compilation terminated.
configure:2997: $? = 1
configure:3017: checking whether the C++ compiler works
configure:3039: g++-9  -I/usr/local/opt/icu4c/include -L/usr/local/opt/icu4c/lib conftest.cpp  >&5
configure:3043: $? = 0
configure:3091: result: yes
configure:3094: checking for C++ compiler default output file name
configure:3096: result: a.out
configure:3102: checking for suffix of executables
configure:3109: g++-9 -o conftest  -I/usr/local/opt/icu4c/include -L/usr/local/opt/icu4c/lib conftest.cpp  >&5
configure:3113: $? = 0
configure:3135: result: 
configure:3157: checking whether we are cross compiling
configure:3165: g++-9 -o conftest  -I/usr/local/opt/icu4c/include -L/usr/local/opt/icu4c/lib conftest.cpp  >&5
configure:3169: $? = 0
configure:3176: ./conftest
configure:3180: $? = 0
configure:3195: result: no
configure:3200: checking for suffix of object files
configure:3222: g++-9 -c  -I/usr/local/opt/icu4c/include conftest.cpp >&5
configure:3226: $? = 0
configure:3247: result: o
configure:3251: checking whether we are using the GNU C++ compiler
configure:3270: g++-9 -c  -I/usr/local/opt/icu4c/include conftest.cpp >&5
configure:3270: $? = 0
configure:3279: result: yes
configure:3288: checking whether g++-9 accepts -g
configure:3308: g++-9 -c -g -I/usr/local/opt/icu4c/include conftest.cpp >&5
configure:3308: $? = 0
configure:3349: result: yes
configure:3375: checking whether make supports the include directive
configure:3390: make -f confmf.GNU && cat confinc.out
this is the am__doit target
configure:3393: $? = 0
configure:3412: result: yes (GNU style)
configure:3437: checking dependency style of g++-9
configure:3548: result: gcc3
configure:3615: checking build system type
configure:3629: result: i386-apple-darwin19.6.0
configure:3649: checking host system type
configure:3662: result: i386-apple-darwin19.6.0
configure:3703: checking how to print strings
configure:3730: result: printf
configure:3799: checking for gcc
configure:3815: found /usr/bin/gcc
configure:3826: result: gcc
configure:4055: checking for C compiler version
configure:4064: gcc --version >&5
Apple clang version 11.0.3 (clang-1103.0.32.62)
Target: x86_64-apple-darwin19.6.0
Thread model: posix
InstalledDir: /Library/Developer/CommandLineTools/usr/bin
Configured with: --prefix=/Library/Developer/CommandLineTools/usr --with-gxx-include-dir=/Library/Developer/CommandLineTools/SDKs/MacOSX.sdk/usr/include/c++/4.2.1
configure:4075: $? = 0
configure:4064: gcc -v >&5
Configured with: --prefix=/Library/Developer/CommandLineTools/usr --with-gxx-include-dir=/Library/Developer/CommandLineTools/SDKs/MacOSX.sdk/usr/include/c++/4.2.1
Apple clang version 11.0.3 (clang-1103.0.32.62)
Target: x86_64-apple-darwin19.6.0
Thread model: posix
InstalledDir: /Library/Developer/CommandLineTools/usr/bin
configure:4075: $? = 0
configure:4064: gcc -V >&5
clang: error: unsupported option '-V -Wno-objc-signed-char-bool-implicit-int-conversion'
clang: error: no input files
configure:4075: $? = 1
configure:4064: gcc -qversion >&5
clang: error: unknown argument '-qversion'; did you mean '--version'?
clang: error: no input files
configure:4075: $? = 1
configure:4079: checking whether we are using the GNU C compiler
configure:4098: gcc -c  -I/usr/local/opt/icu4c/include conftest.c >&5
configure:4098: $? = 0
configure:4107: result: yes
configure:4116: checking whether gcc accepts -g
configure:4136: gcc -c -g -I/usr/local/opt/icu4c/include conftest.c >&5
configure:4136: $? = 0
configure:4177: result: yes
configure:4194: checking for gcc option to accept ISO C89
configure:4257: gcc  -c -g -O2 -I/usr/local/opt/icu4c/include conftest.c >&5
configure:4257: $? = 0
configure:4270: result: none needed
configure:4295: checking whether gcc understands -c and -o together
configure:4317: gcc -c conftest.c -o conftest2.o
configure:4320: $? = 0
configure:4317: gcc -c conftest.c -o conftest2.o
configure:4320: $? = 0
configure:4332: result: yes
configure:4351: checking dependency style of gcc
configure:4462: result: gcc3
configure:4477: checking for a sed that does not truncate output
configure:4541: result: /usr/bin/sed
configure:4559: checking for grep that handles long lines and -e
configure:4617: result: /usr/bin/grep
configure:4622: checking for egrep
configure:4684: result: /usr/bin/grep -E
configure:4689: checking for fgrep
configure:4751: result: /usr/bin/grep -F
configure:4786: checking for ld used by gcc
configure:4853: result: /Library/Developer/CommandLineTools/usr/bin/ld
configure:4860: checking if the linker (/Library/Developer/CommandLineTools/usr/bin/ld) is GNU ld
configure:4875: result: no
configure:4887: checking for BSD- or MS-compatible name lister (nm)
configure:4941: result: /usr/bin/nm -B
configure:5071: checking the name lister (/usr/bin/nm -B) interface
configure:5078: gcc -c -g -O2 -I/usr/local/opt/icu4c/include conftest.c >&5
configure:5081: /usr/bin/nm -B "conftest.o"
configure:5084: output
00000000000001dc S _some_variable
configure:5091: result: BSD nm
configure:5094: checking whether ln -s works
configure:5098: result: yes
configure:5106: checking the maximum length of command line arguments
configure:5237: result: 196608
configure:5285: checking how to convert i386-apple-darwin19.6.0 file names to i386-apple-darwin19.6.0 format
configure:5325: result: func_convert_file_noop
configure:5332: checking how to convert i386-apple-darwin19.6.0 file names to toolchain format
configure:5352: result: func_convert_file_noop
configure:5359: checking for /Library/Developer/CommandLineTools/usr/bin/ld option to reload object files
configure:5366: result: -r
configure:5440: checking for objdump
configure:5456: found /usr/bin/objdump
configure:5467: result: objdump
configure:5499: checking how to recognize dependent libraries
configure:5699: result: pass_all
configure:5784: checking for dlltool
configure:5814: result: no
configure:5844: checking how to associate runtime and link libraries
configure:5871: result: printf %s\n
configure:5932: checking for ar
configure:5948: found /usr/bin/ar
configure:5959: result: ar
configure:5996: checking for archiver @FILE support
configure:6013: gcc -c -g -O2 -I/usr/local/opt/icu4c/include conftest.c >&5
configure:6013: $? = 0
configure:6016: ar cru libconftest.a @conftest.lst >&5
ar: @conftest.lst: No such file or directory
configure:6019: $? = 1
configure:6039: result: no
configure:6097: checking for strip
configure:6113: found /usr/bin/strip
configure:6124: result: strip
configure:6196: checking for ranlib
configure:6212: found /usr/bin/ranlib
configure:6223: result: ranlib
configure:6325: checking command to parse /usr/bin/nm -B output from gcc object
configure:6478: gcc -c -g -O2 -I/usr/local/opt/icu4c/include conftest.c >&5
configure:6481: $? = 0
configure:6485: /usr/bin/nm -B conftest.o \| sed -n -e 's/^.*[ ]\([BCDEGRST][BCDEGRST]*\)[ ][ ]*\([_A-Za-z][_A-Za-z0-9]*\)$/\1 \2 \2/p' | sed '/ __gnu_lto/d' \> conftest.nm
configure:6488: $? = 0
cannot find nm_test_var in conftest.nm
configure:6478: gcc -c -g -O2 -I/usr/local/opt/icu4c/include conftest.c >&5
configure:6481: $? = 0
configure:6485: /usr/bin/nm -B conftest.o \| sed -n -e 's/^.*[ ]\([BCDEGRST][BCDEGRST]*\)[ ][ ]*_\([_A-Za-z][_A-Za-z0-9]*\)$/\1 _\2 \2/p' | sed '/ __gnu_lto/d' \> conftest.nm
configure:6488: $? = 0
configure:6554: gcc -o conftest -g -O2 -I/usr/local/opt/icu4c/include -L/usr/local/opt/icu4c/lib conftest.c conftstm.o >&5
warning: (x86_64)  could not find object file symbol for symbol _main
configure:6557: $? = 0
configure:6595: result: ok
configure:6642: checking for sysroot
configure:6672: result: no
configure:6679: checking for a working dd
configure:6717: result: /bin/dd
configure:6721: checking how to truncate binary pipes
configure:6736: result: /bin/dd bs=4096 count=1
configure:7065: checking for mt
configure:7095: result: no
configure:7115: checking if : is a manifest tool
configure:7121: : '-?'
configure:7129: result: no
configure:7185: checking for dsymutil
configure:7201: found /usr/bin/dsymutil
configure:7212: result: dsymutil
configure:7277: checking for nmedit
configure:7293: found /usr/bin/nmedit
configure:7304: result: nmedit
configure:7369: checking for lipo
configure:7385: found /usr/bin/lipo
configure:7396: result: lipo
configure:7461: checking for otool
configure:7477: found /usr/bin/otool
configure:7488: result: otool
configure:7553: checking for otool64
configure:7583: result: no
configure:7628: checking for -single_module linker flag
gcc -g -O2 -L/usr/local/opt/icu4c/lib -o libconftest.dylib -dynamiclib -Wl,-single_module conftest.c
configure:7661: result: yes
configure:7664: checking for -exported_symbols_list linker flag
configure:7684: gcc -o conftest -g -O2 -I/usr/local/opt/icu4c/include -L/usr/local/opt/icu4c/lib -Wl,-exported_symbols_list,conftest.sym conftest.c  >&5
configure:7684: $? = 0
configure:7694: result: yes
configure:7697: checking for -force_load linker flag
gcc -g -O2 -c -o conftest.o conftest.c
ar cru libconftest.a conftest.o
ranlib libconftest.a
gcc -g -O2 -L/usr/local/opt/icu4c/lib -o conftest conftest.c -Wl,-force_load,./libconftest.a
configure:7729: result: yes
configure:7801: checking how to run the C preprocessor
configure:7832: gcc -E -I/usr/local/opt/icu4c/include conftest.c
configure:7832: $? = 0
configure:7846: gcc -E -I/usr/local/opt/icu4c/include conftest.c
conftest.c:11:10: fatal error: 'ac_nonexistent.h' file not found
#include <ac_nonexistent.h>
         ^~~~~~~~~~~~~~~~~~
1 error generated.
configure:7846: $? = 1
configure: failed program was:
| /* confdefs.h */
| #define PACKAGE_NAME "optkit"
| #define PACKAGE_TARNAME "optkit"
| #define PACKAGE_VERSION "1.0"
| #define PACKAGE_STRING "optkit 1.0"
| #define PACKAGE_BUGREPORT ""
| #define PACKAGE_URL ""
| #define PACKAGE "optkit"
| #define VERSION "1.0"
| /* end confdefs.h.  */
| #include <ac_nonexistent.h>
configure:7871: result: gcc -E
configure:7891: gcc -E -I/usr/local/opt/icu4c/include conftest.c
configure:7891: $? = 0
configure:7905: gcc -E -I/usr/local/opt/icu4c/include conftest.c
conftest.c:11:10: fatal error: 'ac_nonexistent.h' file not found
#include <ac_nonexistent.h>
         ^~~~~~~~~~~~~~~~~~
1 error generated.
configure:7905: $? = 1
configure: failed program was:
| /* confdefs.h */
| #define PACKAGE_NAME "optkit"
| #define PACKAGE_TARNAME "optkit"
| #define PACKAGE_VERSION "1.0"
| #define PACKAGE_STRING "optkit 1.0"
| #define PACKAGE_BUGREPORT ""
| #define PACKAGE_URL ""
| #define PACKAGE "optkit"
| #define VERSION "1.0"
| /* end confdefs.h.  */
| #include <ac_nonexistent.h>
configure:7934: checking for ANSI C header files
configure:7954: gcc -c -g -O2 -I/usr/local/opt/icu4c/include conftest.c >&5
configure:7954: $? = 0
configure:8027: gcc -o conftest -g -O2 -I/usr/local/opt/icu4c/include -L/usr/local/opt/icu4c/lib conftest.c  >&5
configure:8027: $? = 0
configure:8027: ./conftest
configure:8027: $? = 0
configure:8038: result: yes
configure:8051: checking for sys/types.h
configure:8051: gcc -c -g -O2 -I/usr/local/opt/icu4c/include conftest.c >&5
configure:8051: $? = 0
configure:8051: result: yes
configure:8051: checking for sys/stat.h
configure:8051: gcc -c -g -O2 -I/usr/local/opt/icu4c/include conftest.c >&5
configure:8051: $? = 0
configure:8051: result: yes
configure:8051: checking for stdlib.h
configure:8051: gcc -c -g -O2 -I/usr/local/opt/icu4c/include conftest.c >&5
configure:8051: $? = 0
configure:8051: result: yes
configure:8051: checking for string.h
configure:8051: gcc -c -g -O2 -I/usr/local/opt/icu4c/include conftest.c >&5
configure:8051: $? = 0
configure:8051: result: yes
configure:8051: checking for memory.h
configure:8051: gcc -c -g -O2 -I/usr/local/opt/icu4c/include conftest.c >&5
configure:8051: $? = 0
configure:8051: result: yes
configure:8051: checking for strings.h
configure:8051: gcc -c -g -O2 -I/usr/local/opt/icu4c/include conftest.c >&5
configure:8051: $? = 0
configure:8051: result: yes
configure:8051: checking for inttypes.h
configure:8051: gcc -c -g -O2 -I/usr/local/opt/icu4c/include conftest.c >&5
configure:8051: $? = 0
configure:8051: result: yes
configure:8051: checking for stdint.h
configure:8051: gcc -c -g -O2 -I/usr/local/opt/icu4c/include conftest.c >&5
configure:8051: $? = 0
configure:8051: result: yes
configure:8051: checking for unistd.h
configure:8051: gcc -c -g -O2 -I/usr/local/opt/icu4c/include conftest.c >&5
configure:8051: $? = 0
configure:8051: result: yes
configure:8065: checking for dlfcn.h
configure:8065: gcc -c -g -O2 -I/usr/local/opt/icu4c/include conftest.c >&5
configure:8065: $? = 0
configure:8065: result: yes
configure:8332: checking for objdir
configure:8347: result: .libs
configure:8607: checking if gcc supports -fno-rtti -fno-exceptions
configure:8625: gcc -c -g -O2 -I/usr/local/opt/icu4c/include -fno-rtti -fno-exceptions conftest.c >&5
configure:8629: $? = 0
configure:8642: result: yes
configure:9000: checking for gcc option to produce PIC
configure:9007: result: -fno-common -DPIC
configure:9015: checking if gcc PIC flag -fno-common -DPIC works
configure:9033: gcc -c -g -O2 -I/usr/local/opt/icu4c/include -fno-common -DPIC -DPIC conftest.c >&5
configure:9037: $? = 0
configure:9050: result: yes
configure:9079: checking if gcc static flag -static works
configure:9107: result: no
configure:9122: checking if gcc supports -c -o file.o
configure:9143: gcc -c -g -O2 -I/usr/local/opt/icu4c/include -o out/conftest2.o conftest.c >&5
configure:9147: $? = 0
configure:9169: result: yes
configure:9177: checking if gcc supports -c -o file.o
configure:9224: result: yes
configure:9257: checking whether the gcc linker (/Library/Developer/CommandLineTools/usr/bin/ld) supports shared libraries
configure:10516: result: yes
configure:10756: checking dynamic linker characteristics
configure:11574: result: darwin19.6.0 dyld
configure:11696: checking how to hardcode library paths into programs
configure:11721: result: immediate
configure:12269: checking whether stripping libraries is possible
configure:12283: result: yes
configure:12309: checking if libtool supports shared libraries
configure:12311: result: yes
configure:12314: checking whether to build shared libraries
configure:12339: result: yes
configure:12342: checking whether to build static libraries
configure:12346: result: yes
configure:12369: checking how to run the C++ preprocessor
configure:12396: g++-9 -E -I/usr/local/opt/icu4c/include conftest.cpp
configure:12396: $? = 0
configure:12410: g++-9 -E -I/usr/local/opt/icu4c/include conftest.cpp
conftest.cpp:23:10: fatal error: ac_nonexistent.h: No such file or directory
   23 | #include <ac_nonexistent.h>
      |          ^~~~~~~~~~~~~~~~~~
compilation terminated.
configure:12410: $? = 1
configure: failed program was:
| /* confdefs.h */
| #define PACKAGE_NAME "optkit"
| #define PACKAGE_TARNAME "optkit"
| #define PACKAGE_VERSION "1.0"
| #define PACKAGE_STRING "optkit 1.0"
| #define PACKAGE_BUGREPORT ""
| #define PACKAGE_URL ""
| #define PACKAGE "optkit"
| #define VERSION "1.0"
| #define STDC_HEADERS 1
| #define HAVE_SYS_TYPES_H 1
| #define HAVE_SYS_STAT_H 1
| #define HAVE_STDLIB_H 1
| #define HAVE_STRING_H 1
| #define HAVE_MEMORY_H 1
| #define HAVE_STRINGS_H 1
| #define HAVE_INTTYPES_H 1
| #define HAVE_STDINT_H 1
| #define HAVE_UNISTD_H 1
| #define HAVE_DLFCN_H 1
| #define LT_OBJDIR ".libs/"
| /* end confdefs.h.  */
| #include <ac_nonexistent.h>
configure:12435: result: g++-9 -E
configure:12455: g++-9 -E -I/usr/local/opt/icu4c/include conftest.cpp
configure:12455: $? = 0
configure:12469: g++-9 -E -I/usr/local/opt/icu4c/include conftest.cpp
conftest.cpp:23:10: fatal error: ac_nonexistent.h: No such file or directory
   23 | #include <ac_nonexistent.h>
      |          ^~~~~~~~~~~~~~~~~~
compilation terminated.
configure:12469: $? = 1
configure: failed program was:
| /* confdefs.h */
| #define PACKAGE_NAME "optkit"
| #define PACKAGE_TARNAME "optkit"
| #define PACKAGE_VERSION "1.0"
| #define PACKAGE_STRING "optkit 1.0"
| #define PACKAGE_BUGREPORT ""
| #define PACKAGE_URL ""
| #define PACKAGE "optkit"
| #define VERSION "1.0"
| #define STDC_HEADERS 1
| #define HAVE_SYS_TYPES_H 1
| #define HAVE_SYS_STAT_H 1
| #define HAVE_STDLIB_H 1
| #define HAVE_STRING_H 1
| #define HAVE_MEMORY_H 1
| #define HAVE_STRINGS_H 1
| #define HAVE_INTTYPES_H 1
| #define HAVE_STDINT_H 1
| #define HAVE_UNISTD_H 1
| #define HAVE_DLFCN_H 1
| #define LT_OBJDIR ".libs/"
| /* end confdefs.h.  */
| #include <ac_nonexistent.h>
configure:12631: checking for ld used by g++-9
configure:12698: result: /Library/Developer/CommandLineTools/usr/bin/ld
configure:12705: checking if the linker (/Library/Developer/CommandLineTools/usr/bin/ld) is GNU ld
configure:12720: result: no
configure:12775: checking whether the g++-9 linker (/Library/Developer/CommandLineTools/usr/bin/ld) supports shared libraries
configure:13848: result: yes
configure:13884: g++-9 -c  -I/usr/local/opt/icu4c/include conftest.cpp >&5
configure:13887: $? = 0
configure:14368: checking for g++-9 option to produce PIC
configure:14375: result: -fno-common -DPIC
configure:14383: checking if g++-9 PIC flag -fno-common -DPIC works
configure:14401: g++-9 -c  -I/usr/local/opt/icu4c/include -fno-common -DPIC -DPIC conftest.cpp >&5
configure:14405: $? = 0
configure:14418: result: yes
configure:14441: checking if g++-9 static flag -static works
configure:14469: result: no
configure:14481: checking if g++-9 supports -c -o file.o
configure:14502: g++-9 -c  -I/usr/local/opt/icu4c/include -o out/conftest2.o conftest.cpp >&5
configure:14506: $? = 0
configure:14528: result: yes
configure:14533: checking if g++-9 supports -c -o file.o
configure:14580: result: yes
configure:14610: checking whether the g++-9 linker (/Library/Developer/CommandLineTools/usr/bin/ld) supports shared libraries
configure:14650: result: yes
configure:14791: checking dynamic linker characteristics
configure:15536: result: darwin19.6.0 dyld
configure:15601: checking how to hardcode library paths into programs
configure:15626: result: immediate
configure:15835: checking that generated files are newer than configure
configure:15841: result: done
configure:15872: creating ./config.status

## ---------------------- ##
## Running config.status. ##
## ---------------------- ##

This file was extended by optkit config.status 1.0, which was
generated by GNU Autoconf 2.69.  Invocation command line was

  CONFIG_FILES    = 
  CONFIG_HEADERS  = 
  CONFIG_LINKS    = 
  CONFIG_COMMANDS = 
  $ ./config.status 

on zhaomingyin-macbookpro.roam.corp.google.com

config.status:1069: creating Makefile
config.status:1069: creating lib/Makefile
config.status:1069: creating src/Makefile
config.status:1241: executing depfiles commands
config.status:1318: cd lib       && sed -e '/# am--include-marker/d' Makefile         | make -f - am--depfiles
make: Nothing to be done for `am--depfiles'.
config.status:1323: $? = 0
config.status:1318: cd src       && sed -e '/# am--include-marker/d' Makefile         | make -f - am--depfiles
config.status:1323: $? = 0
config.status:1241: executing libtool commands

## ---------------- ##
## Cache variables. ##
## ---------------- ##

ac_cv_build=i386-apple-darwin19.6.0
ac_cv_c_compiler_gnu=yes
ac_cv_cxx_compiler_gnu=yes
ac_cv_env_CCC_set=
ac_cv_env_CCC_value=
ac_cv_env_CC_set=
ac_cv_env_CC_value=
ac_cv_env_CFLAGS_set=
ac_cv_env_CFLAGS_value=
ac_cv_env_CPPFLAGS_set=set
ac_cv_env_CPPFLAGS_value=-I/usr/local/opt/icu4c/include
ac_cv_env_CPP_set=
ac_cv_env_CPP_value=
ac_cv_env_CXXCPP_set=
ac_cv_env_CXXCPP_value=
ac_cv_env_CXXFLAGS_set=
ac_cv_env_CXXFLAGS_value=
ac_cv_env_CXX_set=
ac_cv_env_CXX_value=
ac_cv_env_LDFLAGS_set=set
ac_cv_env_LDFLAGS_value=-L/usr/local/opt/icu4c/lib
ac_cv_env_LIBS_set=
ac_cv_env_LIBS_value=
ac_cv_env_LT_SYS_LIBRARY_PATH_set=
ac_cv_env_LT_SYS_LIBRARY_PATH_value=
ac_cv_env_build_alias_set=
ac_cv_env_build_alias_value=
ac_cv_env_host_alias_set=
ac_cv_env_host_alias_value=
ac_cv_env_target_alias_set=
ac_cv_env_target_alias_value=
ac_cv_header_dlfcn_h=yes
ac_cv_header_inttypes_h=yes
ac_cv_header_memory_h=yes
ac_cv_header_stdc=yes
ac_cv_header_stdint_h=yes
ac_cv_header_stdlib_h=yes
ac_cv_header_string_h=yes
ac_cv_header_strings_h=yes
ac_cv_header_sys_stat_h=yes
ac_cv_header_sys_types_h=yes
ac_cv_header_unistd_h=yes
ac_cv_host=i386-apple-darwin19.6.0
ac_cv_objext=o
ac_cv_path_EGREP='/usr/bin/grep -E'
ac_cv_path_FGREP='/usr/bin/grep -F'
ac_cv_path_GREP=/usr/bin/grep
ac_cv_path_SED=/usr/bin/sed
ac_cv_path_install='/usr/bin/install -c'
ac_cv_path_lt_DD=/bin/dd
ac_cv_prog_AWK=awk
ac_cv_prog_CPP='gcc -E'
ac_cv_prog_CXXCPP='g++-9 -E'
ac_cv_prog_ac_ct_AR=ar
ac_cv_prog_ac_ct_CC=gcc
ac_cv_prog_ac_ct_CXX=g++-9
ac_cv_prog_ac_ct_DSYMUTIL=dsymutil
ac_cv_prog_ac_ct_LIPO=lipo
ac_cv_prog_ac_ct_NMEDIT=nmedit
ac_cv_prog_ac_ct_OBJDUMP=objdump
ac_cv_prog_ac_ct_OTOOL=otool
ac_cv_prog_ac_ct_RANLIB=ranlib
ac_cv_prog_ac_ct_STRIP=strip
ac_cv_prog_cc_c89=
ac_cv_prog_cc_g=yes
ac_cv_prog_cxx_g=yes
ac_cv_prog_make_make_set=yes
am_cv_CC_dependencies_compiler_type=gcc3
am_cv_CXX_dependencies_compiler_type=gcc3
am_cv_make_support_nested_variables=yes
am_cv_prog_cc_c_o=yes
lt_cv_apple_cc_single_mod=yes
lt_cv_ar_at_file=no
lt_cv_deplibs_check_method=pass_all
lt_cv_file_magic_cmd='$MAGIC_CMD'
lt_cv_file_magic_test_file=
lt_cv_ld_exported_symbols_list=yes
lt_cv_ld_force_load=yes
lt_cv_ld_reload_flag=-r
lt_cv_nm_interface='BSD nm'
lt_cv_objdir=.libs
lt_cv_path_LD=/Library/Developer/CommandLineTools/usr/bin/ld
lt_cv_path_LDCXX=/Library/Developer/CommandLineTools/usr/bin/ld
lt_cv_path_NM='/usr/bin/nm -B'
lt_cv_path_mainfest_tool=no
lt_cv_prog_compiler_c_o=yes
lt_cv_prog_compiler_c_o_CXX=yes
lt_cv_prog_compiler_pic='-fno-common -DPIC'
lt_cv_prog_compiler_pic_CXX='-fno-common -DPIC'
lt_cv_prog_compiler_pic_works=yes
lt_cv_prog_compiler_pic_works_CXX=yes
lt_cv_prog_compiler_rtti_exceptions=yes
lt_cv_prog_compiler_static_works=no
lt_cv_prog_compiler_static_works_CXX=no
lt_cv_prog_gnu_ld=no
lt_cv_prog_gnu_ldcxx=no
lt_cv_sharedlib_from_linklib_cmd='printf %s\n'
lt_cv_sys_global_symbol_pipe='sed -n -e '\''s/^.*[	 ]\([BCDEGRST][BCDEGRST]*\)[	 ][	 ]*_\([_A-Za-z][_A-Za-z0-9]*\)$/\1 _\2 \2/p'\'' | sed '\''/ __gnu_lto/d'\'''
lt_cv_sys_global_symbol_to_c_name_address='sed -n -e '\''s/^: \(.*\) .*$/  {"\1", (void *) 0},/p'\'' -e '\''s/^[BCDEGRST][BCDEGRST]* .* \(.*\)$/  {"\1", (void *) \&\1},/p'\'''
lt_cv_sys_global_symbol_to_c_name_address_lib_prefix='sed -n -e '\''s/^: \(.*\) .*$/  {"\1", (void *) 0},/p'\'' -e '\''s/^[BCDEGRST][BCDEGRST]* .* \(lib.*\)$/  {"\1", (void *) \&\1},/p'\'' -e '\''s/^[BCDEGRST][BCDEGRST]* .* \(.*\)$/  {"lib\1", (void *) \&\1},/p'\'''
lt_cv_sys_global_symbol_to_cdecl='sed -n -e '\''s/^T .* \(.*\)$/extern int \1();/p'\'' -e '\''s/^[BCDEGRST][BCDEGRST]* .* \(.*\)$/extern char \1;/p'\'''
lt_cv_sys_global_symbol_to_import=
lt_cv_sys_max_cmd_len=196608
lt_cv_to_host_file_cmd=func_convert_file_noop
lt_cv_to_tool_file_cmd=func_convert_file_noop
lt_cv_truncate_bin='/bin/dd bs=4096 count=1'

## ----------------- ##
## Output variables. ##
## ----------------- ##

ACLOCAL='aclocal-1.16'
AMDEPBACKSLASH='\'
AMDEP_FALSE='#'
AMDEP_TRUE=''
AMTAR='$${TAR-tar}'
AM_BACKSLASH='\'
AM_DEFAULT_V='$(AM_DEFAULT_VERBOSITY)'
AM_DEFAULT_VERBOSITY='1'
AM_V='$(V)'
AR='ar'
AUTOCONF='autoconf'
AUTOHEADER='autoheader'
AUTOMAKE='automake-1.16'
AWK='awk'
CC='gcc'
CCDEPMODE='depmode=gcc3'
CFLAGS='-g -O2'
CPP='gcc -E'
CPPFLAGS='-I/usr/local/opt/icu4c/include'
CXX='g++-9'
CXXCPP='g++-9 -E'
CXXDEPMODE='depmode=gcc3'
CXXFLAGS=''
CYGPATH_W='echo'
DEBUG_FALSE=''
DEBUG_TRUE='#'
DEFS='-DPACKAGE_NAME=\"optkit\" -DPACKAGE_TARNAME=\"optkit\" -DPACKAGE_VERSION=\"1.0\" -DPACKAGE_STRING=\"optkit\ 1.0\" -DPACKAGE_BUGREPORT=\"\" -DPACKAGE_URL=\"\" -DPACKAGE=\"optkit\" -DVERSION=\"1.0\" -DSTDC_HEADERS=1 -DHAVE_SYS_TYPES_H=1 -DHAVE_SYS_STAT_H=1 -DHAVE_STDLIB_H=1 -DHAVE_STRING_H=1 -DHAVE_MEMORY_H=1 -DHAVE_STRINGS_H=1 -DHAVE_INTTYPES_H=1 -DHAVE_STDINT_H=1 -DHAVE_UNISTD_H=1 -DHAVE_DLFCN_H=1 -DLT_OBJDIR=\".libs/\"'
DEPDIR='.deps'
DLLTOOL='false'
DSYMUTIL='dsymutil'
DUMPBIN=''
ECHO_C='\c'
ECHO_N=''
ECHO_T=''
EGREP='/usr/bin/grep -E'
EXEEXT=''
FGREP='/usr/bin/grep -F'
GREP='/usr/bin/grep'
INSTALL_DATA='${INSTALL} -m 644'
INSTALL_PROGRAM='${INSTALL}'
INSTALL_SCRIPT='${INSTALL}'
INSTALL_STRIP_PROGRAM='$(install_sh) -c -s'
LD='/Library/Developer/CommandLineTools/usr/bin/ld'
LDFLAGS='-L/usr/local/opt/icu4c/lib'
LIBOBJS=''
LIBS=''
LIBTOOL='$(SHELL) $(top_builddir)/libtool'
LIPO='lipo'
LN_S='ln -s'
LTLIBOBJS=''
LT_SYS_LIBRARY_PATH=''
MAKEINFO='makeinfo'
MANIFEST_TOOL=':'
MKDIR_P='./install-sh -c -d'
NM='/usr/bin/nm -B'
NMEDIT='nmedit'
OBJDUMP='objdump'
OBJEXT='o'
OTOOL64=':'
OTOOL='otool'
PACKAGE='optkit'
PACKAGE_BUGREPORT=''
PACKAGE_NAME='optkit'
PACKAGE_STRING='optkit 1.0'
PACKAGE_TARNAME='optkit'
PACKAGE_URL=''
PACKAGE_VERSION='1.0'
PATH_SEPARATOR=':'
RANLIB='ranlib'
SED='/usr/bin/sed'
SET_MAKE=''
SHELL='/bin/sh'
STRIP='strip'
VERSION='1.0'
ac_ct_AR='ar'
ac_ct_CC='gcc'
ac_ct_CXX='g++-9'
ac_ct_DUMPBIN=''
am__EXEEXT_FALSE=''
am__EXEEXT_TRUE='#'
am__fastdepCC_FALSE='#'
am__fastdepCC_TRUE=''
am__fastdepCXX_FALSE='#'
am__fastdepCXX_TRUE=''
am__include='include'
am__isrc=''
am__leading_dot='.'
am__nodep='_no'
am__quote=''
am__tar='$${TAR-tar} chof - "$$tardir"'
am__untar='$${TAR-tar} xf -'
bindir='${exec_prefix}/bin'
build='i386-apple-darwin19.6.0'
build_alias=''
build_cpu='i386'
build_os='darwin19.6.0'
build_vendor='apple'
datadir='${datarootdir}'
datarootdir='${prefix}/share'
docdir='${datarootdir}/doc/${PACKAGE_TARNAME}'
dvidir='${docdir}'
exec_prefix='${prefix}'
host='i386-apple-darwin19.6.0'
host_alias=''
host_cpu='i386'
host_os='darwin19.6.0'
host_vendor='apple'
htmldir='${docdir}'
includedir='${prefix}/include'
infodir='${datarootdir}/info'
install_sh='${SHELL} /Users/zhaomingyin/gitlocal/DCJUC/DCJUC_V2/install-sh'
libdir='${exec_prefix}/lib'
libexecdir='${exec_prefix}/libexec'
localedir='${datarootdir}/locale'
localstatedir='${prefix}/var'
mandir='${datarootdir}/man'
mkdir_p='$(MKDIR_P)'
oldincludedir='/usr/include'
pdfdir='${docdir}'
prefix='/usr/local'
program_transform_name='s,x,x,'
psdir='${docdir}'
sbindir='${exec_prefix}/sbin'
sharedstatedir='${prefix}/com'
sysconfdir='${prefix}/etc'
target_alias=''

## ----------- ##
## confdefs.h. ##
## ----------- ##

/* confdefs.h */
#define PACKAGE_NAME "optkit"
#define PACKAGE_TARNAME "optkit"
#define PACKAGE_VERSION "1.0"
#define PACKAGE_STRING "optkit 1.0"
#define PACKAGE_BUGREPORT ""
#define PACKAGE_URL ""
#define PACKAGE "optkit"
#define VERSION "1.0"
#define STDC_HEADERS 1
#define HAVE_SYS_TYPES_H 1
#define HAVE_SYS_STAT_H 1
#define HAVE_STDLIB_H 1
#define HAVE_STRING_H 1
#define HAVE_MEMORY_H 1
#define HAVE_STRINGS_H 1
#define HAVE_INTTYPES_H 1
#define HAVE_STDINT_H 1
#define HAVE_UNISTD_H 1
#define HAVE_DLFCN_H 1
#define LT_OBJDIR ".libs/"

configure: exit 0
